<?xml version="1.0" encoding="UTF-8"?>
<!-- Generated by org.testng.reporters.JUnitXMLReporter -->
<testsuite ignored="0" hostname="LTIN279204" failures="0" tests="3" name="Default test" time="23.356" errors="0" timestamp="2024-02-27T11:08:02 IST">
  <testcase classname="TestCases.navigate_to_upcoming_Bikes" name="navigate" time="6.084"/>
  <testcase classname="TestCases.navigate_to_upcoming_Bikes" name="Slect_Honda_Manuf" time="2.774"/>
  <testcase classname="TestCases.navigate_to_upcoming_Bikes" name="bike_under_4lakh" time="2.777"/>
</testsuite> <!-- Default test -->
