<?xml version="1.0" encoding="UTF-8"?>
<!-- Generated by org.testng.reporters.JUnitXMLReporter -->
<testsuite ignored="0" hostname="LTIN279204" failures="0" tests="6" name="Test" time="90.243" errors="0" timestamp="2024-02-21T22:44:37 IST">
  <testcase classname="TestCases.navigate_to_upcoming_Bikes" name="navigate" time="7.639"/>
  <testcase classname="TestCases.navigate_to_upcoming_Bikes" name="Slect_Honda_Manuf" time="5.477"/>
  <testcase classname="TestCases.navigate_to_upcoming_Bikes" name="bike_under_4lakh" time="4.678"/>
  <testcase classname="TestCases.find_used_Cars" name="navigate_used_cars" time="9.072"/>
  <testcase classname="TestCases.find_used_Cars" name="popular_model" time="1.49"/>
  <testcase classname="TestCases.loginerror" name="user_reg" time="13.169"/>
</testsuite> <!-- Test -->
