<?xml version="1.0" encoding="UTF-8"?>
<testng-results ignored="0" total="6" passed="6" failed="0" skipped="0">
  <reporter-output>
  </reporter-output>
  <suite started-at="2024-03-05T15:28:09 IST" name="Suite" finished-at="2024-03-05T15:29:38 IST" duration-ms="89531">
    <groups>
    </groups>
    <test started-at="2024-03-05T15:28:09 IST" name="Test-chrome" finished-at="2024-03-05T15:29:38 IST" duration-ms="89531">
      <class name="TestCases.find_used_Cars">
        <test-method is-config="true" signature="driverSetup()[pri:0, instance:TestCases.find_used_Cars@4b29d1d2]" started-at="2024-03-05T15:28:47 IST" name="driverSetup" finished-at="2024-03-05T15:28:56 IST" duration-ms="8967" status="PASS">
          <reporter-output>
          </reporter-output>
        </test-method> <!-- driverSetup -->
        <test-method signature="navigate_used_cars()[pri:4, instance:TestCases.find_used_Cars@4b29d1d2]" started-at="2024-03-05T15:28:56 IST" name="navigate_used_cars" finished-at="2024-03-05T15:29:08 IST" duration-ms="12227" status="PASS">
          <reporter-output>
          </reporter-output>
        </test-method> <!-- navigate_used_cars -->
        <test-method signature="popular_model()[pri:5, instance:TestCases.find_used_Cars@4b29d1d2]" started-at="2024-03-05T15:29:08 IST" name="popular_model" finished-at="2024-03-05T15:29:11 IST" duration-ms="2515" status="PASS">
          <reporter-output>
          </reporter-output>
        </test-method> <!-- popular_model -->
        <test-method is-config="true" signature="teardown()[pri:0, instance:TestCases.find_used_Cars@4b29d1d2]" started-at="2024-03-05T15:29:11 IST" name="teardown" finished-at="2024-03-05T15:29:12 IST" duration-ms="1238" status="PASS">
          <reporter-output>
          </reporter-output>
        </test-method> <!-- teardown -->
      </class> <!-- TestCases.find_used_Cars -->
      <class name="TestCases.navigate_to_upcoming_Bikes">
        <test-method is-config="true" signature="driverSetup()[pri:0, instance:TestCases.navigate_to_upcoming_Bikes@350aac89]" started-at="2024-03-05T15:28:09 IST" name="driverSetup" finished-at="2024-03-05T15:28:27 IST" duration-ms="17448" status="PASS">
          <reporter-output>
          </reporter-output>
        </test-method> <!-- driverSetup -->
        <test-method signature="navigate()[pri:1, instance:TestCases.navigate_to_upcoming_Bikes@350aac89]" started-at="2024-03-05T15:28:27 IST" name="navigate" finished-at="2024-03-05T15:28:34 IST" duration-ms="7583" status="PASS">
          <reporter-output>
          </reporter-output>
        </test-method> <!-- navigate -->
        <test-method signature="Slect_Honda_Manuf()[pri:2, instance:TestCases.navigate_to_upcoming_Bikes@350aac89]" started-at="2024-03-05T15:28:35 IST" name="Slect_Honda_Manuf" finished-at="2024-03-05T15:28:37 IST" duration-ms="2699" status="PASS">
          <reporter-output>
          </reporter-output>
        </test-method> <!-- Slect_Honda_Manuf -->
        <test-method signature="bike_under_4lakh()[pri:3, instance:TestCases.navigate_to_upcoming_Bikes@350aac89]" started-at="2024-03-05T15:28:38 IST" name="bike_under_4lakh" finished-at="2024-03-05T15:28:45 IST" duration-ms="7134" status="PASS">
          <reporter-output>
          </reporter-output>
        </test-method> <!-- bike_under_4lakh -->
        <test-method is-config="true" signature="teardown()[pri:0, instance:TestCases.navigate_to_upcoming_Bikes@350aac89]" started-at="2024-03-05T15:28:45 IST" name="teardown" finished-at="2024-03-05T15:28:47 IST" duration-ms="1387" status="PASS">
          <reporter-output>
          </reporter-output>
        </test-method> <!-- teardown -->
      </class> <!-- TestCases.navigate_to_upcoming_Bikes -->
      <class name="TestCases.loginerror">
        <test-method is-config="true" signature="driverSetup()[pri:0, instance:TestCases.loginerror@7f485fda]" started-at="2024-03-05T15:29:12 IST" name="driverSetup" finished-at="2024-03-05T15:29:23 IST" duration-ms="10546" status="PASS">
          <reporter-output>
          </reporter-output>
        </test-method> <!-- driverSetup -->
        <test-method signature="user_reg()[pri:6, instance:TestCases.loginerror@7f485fda]" started-at="2024-03-05T15:29:23 IST" name="user_reg" finished-at="2024-03-05T15:29:37 IST" duration-ms="13834" status="PASS">
          <reporter-output>
          </reporter-output>
        </test-method> <!-- user_reg -->
        <test-method is-config="true" signature="teardown()[pri:0, instance:TestCases.loginerror@7f485fda]" started-at="2024-03-05T15:29:37 IST" name="teardown" finished-at="2024-03-05T15:29:38 IST" duration-ms="1278" status="PASS">
          <reporter-output>
          </reporter-output>
        </test-method> <!-- teardown -->
      </class> <!-- TestCases.loginerror -->
    </test> <!-- Test-chrome -->
  </suite> <!-- Suite -->
</testng-results>
